  MyForm.cpp
C:\Program Files (x86)\Windows Kits\10\Include\10.0.26100.0\um\objidl.h(13622,59): error C3699: '*': cannot use this indirection on type 'IDataObject'
  (compiling source file 'MyForm.cpp')
      C:\Program Files (x86)\Windows Kits\10\Include\10.0.26100.0\um\objidl.h(13622,59):
      compiler replacing '*' with '^' to continue parsing
  
C:\Program Files (x86)\Windows Kits\10\Include\10.0.26100.0\um\objidl.h(13637,5): error C2371: 'IDataObject': redefinition; different basic types
  (compiling source file 'MyForm.cpp')
      C:\Program Files (x86)\Windows Kits\10\Include\10.0.26100.0\um\objidl.h(668,31):
      see declaration of 'IDataObject'
  
C:\Program Files (x86)\Windows Kits\10\Include\10.0.26100.0\um\objidl.h(13824,29): error C3699: '*': cannot use this indirection on type 'IDataObject'
  (compiling source file 'MyForm.cpp')
      C:\Program Files (x86)\Windows Kits\10\Include\10.0.26100.0\um\objidl.h(13824,29):
      compiler replacing '*' with '^' to continue parsing
  
C:\Program Files (x86)\Windows Kits\10\Include\10.0.26100.0\um\objidl.h(13837,29): error C3699: '*': cannot use this indirection on type 'IDataObject'
  (compiling source file 'MyForm.cpp')
      C:\Program Files (x86)\Windows Kits\10\Include\10.0.26100.0\um\objidl.h(13837,29):
      compiler replacing '*' with '^' to continue parsing
  
C:\Program Files (x86)\Windows Kits\10\Include\10.0.26100.0\um\objidl.h(13850,29): error C3699: '*': cannot use this indirection on type 'IDataObject'
  (compiling source file 'MyForm.cpp')
      C:\Program Files (x86)\Windows Kits\10\Include\10.0.26100.0\um\objidl.h(13850,29):
      compiler replacing '*' with '^' to continue parsing
  
C:\Program Files (x86)\Windows Kits\10\Include\10.0.26100.0\um\objidl.h(13898,36): error C3699: '*': cannot use this indirection on type 'IDataObject'
  (compiling source file 'MyForm.cpp')
      C:\Program Files (x86)\Windows Kits\10\Include\10.0.26100.0\um\objidl.h(13898,36):
      compiler replacing '*' with '^' to continue parsing
  
C:\Program Files (x86)\Windows Kits\10\Include\10.0.26100.0\um\objidl.h(13918,32): error C3699: '*': cannot use this indirection on type 'IDataObject'
  (compiling source file 'MyForm.cpp')
      C:\Program Files (x86)\Windows Kits\10\Include\10.0.26100.0\um\objidl.h(13918,32):
      compiler replacing '*' with '^' to continue parsing
  
C:\Program Files (x86)\Windows Kits\10\Include\10.0.26100.0\um\objidl.h(14036,40): error C3699: '*': cannot use this indirection on type 'IMessageFilter'
  (compiling source file 'MyForm.cpp')
      C:\Program Files (x86)\Windows Kits\10\Include\10.0.26100.0\um\objidl.h(14036,40):
      compiler replacing '*' with '^' to continue parsing
  
C:\Program Files (x86)\Windows Kits\10\Include\10.0.26100.0\um\objidl.h(14086,5): error C2371: 'IMessageFilter': redefinition; different basic types
  (compiling source file 'MyForm.cpp')
      C:\Program Files (x86)\Windows Kits\10\Include\10.0.26100.0\um\objidl.h(682,34):
      see declaration of 'IMessageFilter'
  
C:\Program Files (x86)\Windows Kits\10\Include\10.0.26100.0\um\objidl.h(16666,19): error C3699: '*': cannot use this indirection on type 'IDataObject'
  (compiling source file 'MyForm.cpp')
      C:\Program Files (x86)\Windows Kits\10\Include\10.0.26100.0\um\objidl.h(16666,19):
      compiler replacing '*' with '^' to continue parsing
  
C:\Program Files (x86)\Windows Kits\10\Include\10.0.26100.0\um\objidl.h(16674,29): error C3699: '*': cannot use this indirection on type 'IDataObject'
  (compiling source file 'MyForm.cpp')
      C:\Program Files (x86)\Windows Kits\10\Include\10.0.26100.0\um\objidl.h(16674,29):
      compiler replacing '*' with '^' to continue parsing
  
C:\Program Files (x86)\Windows Kits\10\Include\10.0.26100.0\um\objidl.h(16679,19): error C3699: '*': cannot use this indirection on type 'IDataObject'
  (compiling source file 'MyForm.cpp')
      C:\Program Files (x86)\Windows Kits\10\Include\10.0.26100.0\um\objidl.h(16679,19):
      compiler replacing '*' with '^' to continue parsing
  
C:\Program Files (x86)\Windows Kits\10\Include\10.0.26100.0\um\objidl.h(16687,29): error C3699: '*': cannot use this indirection on type 'IDataObject'
  (compiling source file 'MyForm.cpp')
      C:\Program Files (x86)\Windows Kits\10\Include\10.0.26100.0\um\objidl.h(16687,29):
      compiler replacing '*' with '^' to continue parsing
  
C:\Program Files (x86)\Windows Kits\10\Include\10.0.26100.0\um\objidl.h(16692,19): error C3699: '*': cannot use this indirection on type 'IDataObject'
  (compiling source file 'MyForm.cpp')
      C:\Program Files (x86)\Windows Kits\10\Include\10.0.26100.0\um\objidl.h(16692,19):
      compiler replacing '*' with '^' to continue parsing
  
C:\Program Files (x86)\Windows Kits\10\Include\10.0.26100.0\um\objidl.h(16701,29): error C3699: '*': cannot use this indirection on type 'IDataObject'
  (compiling source file 'MyForm.cpp')
      C:\Program Files (x86)\Windows Kits\10\Include\10.0.26100.0\um\objidl.h(16701,29):
      compiler replacing '*' with '^' to continue parsing
  
C:\Program Files (x86)\Windows Kits\10\Include\10.0.26100.0\um\oleidl.h(440,59): error C3699: '*': cannot use this indirection on type 'IDataObject'
  (compiling source file 'MyForm.cpp')
      C:\Program Files (x86)\Windows Kits\10\Include\10.0.26100.0\um\oleidl.h(440,59):
      compiler replacing '*' with '^' to continue parsing
  
C:\Program Files (x86)\Windows Kits\10\Include\10.0.26100.0\um\oleidl.h(1289,59): error C3699: '*': cannot use this indirection on type 'IDataObject'
  (compiling source file 'MyForm.cpp')
      C:\Program Files (x86)\Windows Kits\10\Include\10.0.26100.0\um\oleidl.h(1289,59):
      compiler replacing '*' with '^' to continue parsing
  
C:\Program Files (x86)\Windows Kits\10\Include\10.0.26100.0\um\oleidl.h(1295,60): error C3699: '*': cannot use this indirection on type 'IDataObject'
  (compiling source file 'MyForm.cpp')
      C:\Program Files (x86)\Windows Kits\10\Include\10.0.26100.0\um\oleidl.h(1295,60):
      compiler replacing '*' with '^' to continue parsing
  
C:\Program Files (x86)\Windows Kits\10\Include\10.0.26100.0\um\oleidl.h(3665,59): error C3699: '*': cannot use this indirection on type 'IDropTarget'
  (compiling source file 'MyForm.cpp')
      C:\Program Files (x86)\Windows Kits\10\Include\10.0.26100.0\um\oleidl.h(3665,59):
      compiler replacing '*' with '^' to continue parsing
  
C:\Program Files (x86)\Windows Kits\10\Include\10.0.26100.0\um\oleidl.h(3705,5): error C2371: 'IDropTarget': redefinition; different basic types
  (compiling source file 'MyForm.cpp')
      C:\Program Files (x86)\Windows Kits\10\Include\10.0.26100.0\um\oleidl.h(192,31):
      see declaration of 'IDropTarget'
  
C:\Program Files (x86)\Windows Kits\10\Include\10.0.26100.0\um\servprov.h(99,64): error C3699: '*': cannot use this indirection on type 'IServiceProvider'
  (compiling source file 'MyForm.cpp')
      C:\Program Files (x86)\Windows Kits\10\Include\10.0.26100.0\um\servprov.h(99,64):
      compiler replacing '*' with '^' to continue parsing
  
C:\Program Files (x86)\Windows Kits\10\Include\10.0.26100.0\um\servprov.h(106,9): error C2371: 'IServiceProvider': redefinition; different basic types
  (compiling source file 'MyForm.cpp')
      C:\Program Files (x86)\Windows Kits\10\Include\10.0.26100.0\um\servprov.h(52,36):
      see declaration of 'IServiceProvider'
  
C:\Program Files (x86)\Windows Kits\10\Include\10.0.26100.0\um\servprov.h(123,43): error C3699: '*': cannot use this indirection on type 'IServiceProvider'
  (compiling source file 'MyForm.cpp')
      C:\Program Files (x86)\Windows Kits\10\Include\10.0.26100.0\um\servprov.h(123,43):
      compiler replacing '*' with '^' to continue parsing
  
C:\Program Files (x86)\Windows Kits\10\Include\10.0.26100.0\um\servprov.h(251,24): error C3699: '*': cannot use this indirection on type 'IServiceProvider'
  (compiling source file 'MyForm.cpp')
      C:\Program Files (x86)\Windows Kits\10\Include\10.0.26100.0\um\servprov.h(251,24):
      compiler replacing '*' with '^' to continue parsing
  
C:\Program Files (x86)\Windows Kits\10\Include\10.0.26100.0\um\servprov.h(261,34): error C3699: '*': cannot use this indirection on type 'IServiceProvider'
  (compiling source file 'MyForm.cpp')
      C:\Program Files (x86)\Windows Kits\10\Include\10.0.26100.0\um\servprov.h(261,34):
      compiler replacing '*' with '^' to continue parsing
  
C:\Program Files (x86)\Windows Kits\10\Include\10.0.26100.0\um\urlmon.h(7156,67): error C3699: '*': cannot use this indirection on type 'IServiceProvider'
  (compiling source file 'MyForm.cpp')
      C:\Program Files (x86)\Windows Kits\10\Include\10.0.26100.0\um\urlmon.h(7156,67):
      compiler replacing '*' with '^' to continue parsing
  
C:\Program Files (x86)\Windows Kits\10\Include\10.0.26100.0\um\urlmon.h(7158,63): error C3699: '*': cannot use this indirection on type 'IServiceProvider'
  (compiling source file 'MyForm.cpp')
      C:\Program Files (x86)\Windows Kits\10\Include\10.0.26100.0\um\urlmon.h(7158,63):
      compiler replacing '*' with '^' to continue parsing
  
C:\Program Files (x86)\Windows Kits\10\Include\10.0.26100.0\um\ole2.h(213,90): error C3699: '*': cannot use this indirection on type 'IDataObject'
  (compiling source file 'MyForm.cpp')
      C:\Program Files (x86)\Windows Kits\10\Include\10.0.26100.0\um\ole2.h(213,90):
      compiler replacing '*' with '^' to continue parsing
  
C:\Users\HP\source\repos\PRACT 3\PRACT 3\MyForm.cpp(3,17): error C2871: 'PRACT3': a namespace with this name does not exist
  .NETFramework,Version=v4.7.2.AssemblyAttributes.cpp
  Generating Code...
